
> bilancompetence-ai-v2@0.1.0 build /home/ubuntu/bilancompetence-ai-v2
> next build

   ▲ Next.js 15.5.5
   - Environments: .env.local, .env.production
   - Experiments (use with caution):
     · cpus: 1
     · optimizePackageImports

   Creating an optimized production build ...
<w> [webpack.cache.PackFileCacheStrategy] Serializing big strings (118kiB) impacts deserialization performance (consider using Buffer instead and decode when needed)
Failed to compile.

src/app/(admin)/bilans/page.tsx
You cannot have two parallel pages that resolve to the same path. Please check /(admin)/bilans/page and /(consultant)/bilans/page. Refer to the route group docs for more information: https://nextjs.org/docs/app/building-your-application/routing/route-groups

src/app/(admin)/resources/page.tsx
You cannot have two parallel pages that resolve to the same path. Please check /(admin)/resources/page and /(beneficiaire)/resources/page. Refer to the route group docs for more information: https://nextjs.org/docs/app/building-your-application/routing/route-groups

src/app/(beneficiaire)/messages/page.tsx
You cannot have two parallel pages that resolve to the same path. Please check /(beneficiaire)/messages/page and /(consultant)/messages/page. Refer to the route group docs for more information: https://nextjs.org/docs/app/building-your-application/routing/route-groups

src/app/(beneficiaire)/profil/page.tsx
You cannot have two parallel pages that resolve to the same path. Please check /(beneficiaire)/profil/page and /(consultant)/profil/page. Refer to the route group docs for more information: https://nextjs.org/docs/app/building-your-application/routing/route-groups

src/app/(beneficiaire)/rdv/page.tsx
You cannot have two parallel pages that resolve to the same path. Please check /(beneficiaire)/rdv/page and /(consultant)/rdv/page. Refer to the route group docs for more information: https://nextjs.org/docs/app/building-your-application/routing/route-groups


> Build failed because of webpack errors
 ELIFECYCLE  Command failed with exit code 1.
